2017-08-05 09:27:27 INFO  DatabaseService$:14 - Checking if user exists in the database with the username AkshanshJain95
2017-08-05 09:28:39 INFO  DatabaseService$:14 - Checking if user exists in the database with the username AkshanshJain95
2017-08-05 09:28:56 INFO  DatabaseService$:14 - Checking if user exists in the database with the username AkshanshJain95
2017-08-05 09:29:27 INFO  DatabaseService$:14 - Checking if user exists in the database with the username AkshanshJain95
2017-08-05 09:30:28 INFO  DatabaseService$:14 - Checking if user exists in the database with the username AkshanshJain95
2017-08-05 09:30:28 INFO  DatabaseService$:14 - Checking if user exists in the database with the username Akshansh95Jain
2017-08-05 15:06:28 INFO  DatabaseService$:14 - Checking if user exists in the database with the username AkshanshJain95
2017-08-05 15:06:28 INFO  DatabaseService$:14 - Checking if user exists in the database with the username Akshansh95Jain
2017-08-05 16:18:54 INFO  DatabaseService$:14 - Checking if user exists in the database with the username AkshanshJain95
2017-08-05 16:18:54 INFO  DatabaseService$:14 - Checking if user exists in the database with the username Akshansh95Jain
2017-08-05 20:39:01 INFO  DatabaseService$:14 - Checking if user exists in the database with the username AkshanshJain95
2017-08-05 20:39:01 INFO  DatabaseService$:14 - Checking if user exists in the database with the username Akshansh95Jain
2017-08-05 20:39:53 INFO  DatabaseService$:14 - Checking if user exists in the database with the username AkshanshJain95
2017-08-05 20:39:53 INFO  DatabaseService$:14 - Checking if user exists in the database with the username Akshansh95Jain
2017-08-05 20:46:33 INFO  DatabaseService$:14 - Checking if user exists in the database with the username AkshanshJain95
2017-08-05 20:46:33 INFO  DatabaseService$:14 - Checking if user exists in the database with the username Akshansh95Jain
2017-08-05 21:20:46 INFO  DatabaseService$:14 - Checking if user exists in the database with the username AkshanshJain95
2017-08-05 21:20:46 INFO  DatabaseService$:14 - Checking if user exists in the database with the username Akshansh95Jain
2017-08-05 21:39:09 INFO  DatabaseService$:14 - Checking if user exists in the database with the username AkshanshJain95
2017-08-05 21:39:09 INFO  DatabaseService$:14 - Checking if user exists in the database with the username Akshansh95Jain
2017-08-05 21:39:46 INFO  DatabaseService$:14 - Checking if user exists in the database with the username AkshanshJain95
2017-08-05 21:39:46 INFO  DatabaseService$:14 - Checking if user exists in the database with the username Akshansh95Jain
2017-08-05 21:40:17 INFO  DatabaseService$:14 - Checking if user exists in the database with the username AkshanshJain95
2017-08-05 21:40:17 INFO  DatabaseService$:14 - Checking if user exists in the database with the username Akshansh95Jain
2017-08-05 22:51:23 INFO  DatabaseService$:14 - Checking if user exists in the database with the username AkshanshJain95
2017-08-05 22:51:23 INFO  DatabaseService$:14 - Checking if user exists in the database with the username Akshansh95Jain
2017-08-05 22:56:02 INFO  DatabaseService$:14 - Checking if user exists in the database with the username AkshanshJain95
2017-08-05 22:56:02 INFO  DatabaseService$:14 - Checking if user exists in the database with the username Akshansh95Jain
2017-08-05 23:10:24 INFO  DatabaseService$:14 - Checking if user exists in the database with the username AkshanshJain95
2017-08-05 23:10:24 INFO  DatabaseService$:14 - Checking if user exists in the database with the username Akshansh95Jain
2017-08-05 23:12:06 INFO  DatabaseService$:14 - Checking if user exists in the database with the username AkshanshJain95
2017-08-05 23:12:06 INFO  DatabaseService$:14 - Checking if user exists in the database with the username Akshansh95Jain
2017-08-06 00:22:32 INFO  DatabaseService$:14 - Checking if user exists in the database with the username AkshanshJain95
2017-08-06 00:23:48 INFO  DatabaseService$:14 - Checking if user exists in the database with the username Akshansh95Jain
2017-08-06 00:36:41 INFO  DatabaseService$:14 - Checking if user exists in the database with the username Akshansh95Jain
2017-08-06 00:40:49 INFO  DatabaseService$:14 - Checking if user exists in the database with the username Akshansh95Jain
2017-08-06 00:50:14 INFO  AccountGeneratorActorMaster:14 - Checking if user exists in the database with the username Akshansh95Jain
2017-08-06 08:31:30 INFO  AccountGeneratorActorMasterTest:14 - Checking if user exists in the database with the username Akshansh95Jain
2017-08-06 08:32:09 INFO  AccountGeneratorActorMaster:14 - Checking if user exists in the database with the username Akshansh95Jain
2017-08-07 01:39:57 INFO  LinkBillerToAccountActorTest:42 - In probe
2017-08-07 01:40:39 INFO  LinkBillerToAccountActorTest:42 - In probe
2017-08-07 01:40:39 INFO  LinkBillerToAccountActorTest:45 - Here
2017-08-07 02:31:12 INFO  LinkBillerToAccountActorTest:44 - Here and sender is Actor[akka://test-system/system/testActor-1#1840499024]
2017-08-07 15:36:06 INFO  DatabaseService:91 - Returning true
2017-08-07 15:39:20 INFO  DatabaseService:91 - Returning true
2017-08-07 15:40:56 INFO  DatabaseService:91 - Returning true
2017-08-07 15:45:06 INFO  SalaryDepositService:20 - Value of j is Future(<not completed>)
2017-08-07 15:45:49 INFO  SalaryDepositService:21 - Value of j is Future(<not completed>)
2017-08-07 15:45:49 INFO  DatabaseService:91 - Returning true
2017-08-07 15:48:05 INFO  DatabaseService:91 - Returning true
2017-08-07 15:48:38 INFO  DatabaseService:91 - Returning true
2017-08-07 15:49:25 INFO  DatabaseService:91 - Returning true
2017-08-07 15:57:29 INFO  DatabaseService:91 - Returning true
2017-08-07 16:02:13 INFO  DatabaseService:91 - Returning true
2017-08-07 16:03:54 INFO  DatabaseService:92 - Returning true
2017-08-07 16:05:14 INFO  DatabaseService:93 - Returning true
2017-08-07 16:05:32 INFO  DatabaseService:93 - Returning false
2017-08-07 16:07:03 INFO  DatabaseService:93 - Returning false
2017-08-07 16:16:19 INFO  DatabaseService:76 - Amount in the account is 10.0
2017-08-07 16:16:19 INFO  DatabaseService:94 - Returning false
2017-08-07 16:18:07 INFO  DatabaseService:61 - Depositing salary
2017-08-07 16:18:07 INFO  DatabaseService:78 - Amount in the account is 10.0
2017-08-07 16:18:07 INFO  DatabaseService:96 - Returning false
2017-08-07 16:19:23 INFO  DatabaseService:61 - Depositing salary
2017-08-07 16:19:23 INFO  DatabaseService:63 - Username = Rahul209 & Customer Account = CustomerAccount(2,Rahul,B-63, Sector-56, Noida,Rahul209,0.0)
2017-08-07 16:19:23 INFO  DatabaseService:63 - Username = Akshansh9195Jain & Customer Account = CustomerAccount(3,Akshansh,B-62, Sector-56, Noida,Akshansh9195Jain,10.0)
2017-08-07 16:19:23 INFO  DatabaseService:63 - Username = AkshanshJain1995 & Customer Account = CustomerAccount(3,Akshansh,B-62, Sector-56, Noida,AkshanshJain1995,10.0)
2017-08-07 16:19:23 INFO  DatabaseService:63 - Username = Akshansh95Jain & Customer Account = CustomerAccount(1,Akshansh,B-62, Sector-56, Noida,Akshansh95Jain,10.0)
2017-08-07 16:19:23 INFO  DatabaseService:78 - Amount in the account is 10.0
2017-08-07 16:19:23 INFO  DatabaseService:96 - Returning false
2017-08-07 16:21:28 INFO  DatabaseService:61 - Depositing salary
2017-08-07 16:21:28 INFO  DatabaseService:63 - Username = Rahul209 & Customer Account = CustomerAccount(2,Rahul,B-63, Sector-56, Noida,Rahul209,0.0)
2017-08-07 16:21:28 INFO  DatabaseService:63 - Username = Akshansh9195Jain & Customer Account = CustomerAccount(3,Akshansh,B-62, Sector-56, Noida,Akshansh9195Jain,10.0)
2017-08-07 16:21:28 INFO  DatabaseService:63 - Username = AkshanshJain1995 & Customer Account = CustomerAccount(3,Akshansh,B-62, Sector-56, Noida,AkshanshJain1995,10.0)
2017-08-07 16:21:28 INFO  DatabaseService:63 - Username = Akshansh95Jain & Customer Account = CustomerAccount(1,Akshansh,B-62, Sector-56, Noida,Akshansh95Jain,10.0)
2017-08-07 16:21:28 INFO  DatabaseService:78 - Amount in the account is 10.0
2017-08-07 16:21:28 INFO  DatabaseService:96 - Returning false
2017-08-07 16:22:51 INFO  DatabaseService:61 - Depositing salary
2017-08-07 16:22:51 INFO  DatabaseService:63 - Username = Rahul209 & Customer Account = CustomerAccount(2,Rahul,B-63, Sector-56, Noida,Rahul209,0.0)
2017-08-07 16:22:51 INFO  DatabaseService:63 - Username = Akshansh9195Jain & Customer Account = CustomerAccount(4,Akshansh,B-62, Sector-56, Noida,Akshansh9195Jain,10.0)
2017-08-07 16:22:51 INFO  DatabaseService:63 - Username = AkshanshJain1995 & Customer Account = CustomerAccount(3,Akshansh,B-62, Sector-56, Noida,AkshanshJain1995,10.0)
2017-08-07 16:22:51 INFO  DatabaseService:63 - Username = Akshansh95Jain & Customer Account = CustomerAccount(1,Akshansh,B-62, Sector-56, Noida,Akshansh95Jain,10.0)
2017-08-07 16:22:51 INFO  DatabaseService:78 - Amount in the account is 10.0
2017-08-07 16:22:51 INFO  DatabaseService:96 - Returning false
2017-08-07 16:29:51 INFO  DatabaseService:61 - Depositing salary
2017-08-07 16:29:51 INFO  DatabaseService:63 - Username = Rahul209 & Customer Account = CustomerAccount(2,Rahul,B-63, Sector-56, Noida,Rahul209,0.0)
2017-08-07 16:29:51 INFO  DatabaseService:63 - Username = Akshansh9195Jain & Customer Account = CustomerAccount(4,Akshansh,B-62, Sector-56, Noida,Akshansh9195Jain,10.0)
2017-08-07 16:29:51 INFO  DatabaseService:63 - Username = AkshanshJain1995 & Customer Account = CustomerAccount(3,Akshansh,B-62, Sector-56, Noida,AkshanshJain1995,10.0)
2017-08-07 16:29:51 INFO  DatabaseService:65 - Creating new case class and replacing old one
2017-08-07 16:29:51 INFO  DatabaseService:63 - Username = Akshansh95Jain & Customer Account = CustomerAccount(1,Akshansh,B-62, Sector-56, Noida,Akshansh95Jain,10.0)
2017-08-07 16:29:51 INFO  DatabaseService:79 - Amount in the account is 10.0
2017-08-07 16:29:51 INFO  DatabaseService:97 - Returning false
2017-08-07 16:31:12 INFO  DatabaseService:61 - Depositing salary
2017-08-07 16:31:12 INFO  DatabaseService:63 - Username = Rahul209 & Customer Account = CustomerAccount(2,Rahul,B-63, Sector-56, Noida,Rahul209,0.0)
2017-08-07 16:31:12 INFO  DatabaseService:63 - Username = Akshansh9195Jain & Customer Account = CustomerAccount(4,Akshansh,B-62, Sector-56, Noida,Akshansh9195Jain,10.0)
2017-08-07 16:31:12 INFO  DatabaseService:63 - Username = AkshanshJain1995 & Customer Account = CustomerAccount(3,Akshansh,B-62, Sector-56, Noida,AkshanshJain1995,10.0)
2017-08-07 16:31:12 INFO  DatabaseService:65 - Creating new case class and replacing old one
2017-08-07 16:31:12 INFO  DatabaseService:63 - Username = Akshansh95Jain & Customer Account = CustomerAccount(1,Akshansh,B-62, Sector-56, Noida,Akshansh95Jain,10.0)
2017-08-07 16:31:12 INFO  DatabaseService:73 - Currently database is as: Map(Rahul209 -> CustomerAccount(2,Rahul,B-63, Sector-56, Noida,Rahul209,0.0), Akshansh9195Jain -> CustomerAccount(4,Akshansh,B-62, Sector-56, Noida,Akshansh9195Jain,10.0), AkshanshJain1995 -> CustomerAccount(3,Akshansh,B-62, Sector-56, Noida,AkshanshJain1995,10.0), Akshansh95Jain -> CustomerAccount(1,Akshansh,B-62, Sector-56, Noida,Akshansh95Jain,10.0))
2017-08-07 16:32:16 INFO  DatabaseService:61 - Depositing salary of 50000.0
2017-08-07 16:32:16 INFO  DatabaseService:63 - Username = Rahul209 & Customer Account = CustomerAccount(2,Rahul,B-63, Sector-56, Noida,Rahul209,0.0)
2017-08-07 16:32:16 INFO  DatabaseService:63 - Username = Akshansh9195Jain & Customer Account = CustomerAccount(4,Akshansh,B-62, Sector-56, Noida,Akshansh9195Jain,10.0)
2017-08-07 16:32:16 INFO  DatabaseService:63 - Username = AkshanshJain1995 & Customer Account = CustomerAccount(3,Akshansh,B-62, Sector-56, Noida,AkshanshJain1995,10.0)
2017-08-07 16:32:16 INFO  DatabaseService:65 - Creating new case class and replacing old one
2017-08-07 16:32:16 INFO  DatabaseService:63 - Username = Akshansh95Jain & Customer Account = CustomerAccount(1,Akshansh,B-62, Sector-56, Noida,Akshansh95Jain,10.0)
2017-08-07 16:32:16 INFO  DatabaseService:73 - Currently database is as: Map(Rahul209 -> CustomerAccount(2,Rahul,B-63, Sector-56, Noida,Rahul209,0.0), Akshansh9195Jain -> CustomerAccount(4,Akshansh,B-62, Sector-56, Noida,Akshansh9195Jain,10.0), AkshanshJain1995 -> CustomerAccount(3,Akshansh,B-62, Sector-56, Noida,AkshanshJain1995,10.0), Akshansh95Jain -> CustomerAccount(1,Akshansh,B-62, Sector-56, Noida,Akshansh95Jain,10.0))
2017-08-07 16:32:16 INFO  DatabaseService:80 - Amount in the account is 10.0
2017-08-07 16:32:16 INFO  DatabaseService:98 - Returning false
2017-08-07 16:35:01 INFO  DatabaseService:61 - Depositing salary of 50000.0
2017-08-07 16:35:01 INFO  DatabaseService:63 - Username = Rahul209 & Customer Account = CustomerAccount(2,Rahul,B-63, Sector-56, Noida,Rahul209,0.0)
2017-08-07 16:35:01 INFO  DatabaseService:63 - Username = Akshansh9195Jain & Customer Account = CustomerAccount(4,Akshansh,B-62, Sector-56, Noida,Akshansh9195Jain,10.0)
2017-08-07 16:35:01 INFO  DatabaseService:63 - Username = AkshanshJain1995 & Customer Account = CustomerAccount(3,Akshansh,B-62, Sector-56, Noida,AkshanshJain1995,10.0)
2017-08-07 16:35:01 INFO  DatabaseService:65 - Creating new case class and replacing old one
2017-08-07 16:35:01 INFO  DatabaseService:67 - New customer account is CustomerAccount(3,Akshansh,B-62, Sector-56, Noida,AkshanshJain1995,50010.0)
2017-08-07 16:35:01 INFO  DatabaseService:63 - Username = Akshansh95Jain & Customer Account = CustomerAccount(1,Akshansh,B-62, Sector-56, Noida,Akshansh95Jain,10.0)
2017-08-07 16:35:01 INFO  DatabaseService:74 - Currently database is as: Map(Rahul209 -> CustomerAccount(2,Rahul,B-63, Sector-56, Noida,Rahul209,0.0), Akshansh9195Jain -> CustomerAccount(4,Akshansh,B-62, Sector-56, Noida,Akshansh9195Jain,10.0), AkshanshJain1995 -> CustomerAccount(3,Akshansh,B-62, Sector-56, Noida,AkshanshJain1995,10.0), Akshansh95Jain -> CustomerAccount(1,Akshansh,B-62, Sector-56, Noida,Akshansh95Jain,10.0))
2017-08-07 16:35:01 INFO  DatabaseService:81 - Amount in the account is 10.0
2017-08-07 16:35:01 INFO  DatabaseService:99 - Returning false
2017-08-07 16:44:47 INFO  DatabaseService:61 - Depositing salary of 50000.0
2017-08-07 16:44:47 INFO  DatabaseService:75 - Currently database is as: Map(Rahul209 -> CustomerAccount(2,Rahul,B-63, Sector-56, Noida,Rahul209,0.0), Akshansh9195Jain -> CustomerAccount(4,Akshansh,B-62, Sector-56, Noida,Akshansh9195Jain,10.0), AkshanshJain1995 -> CustomerAccount(3,Akshansh,B-62, Sector-56, Noida,AkshanshJain1995,10.0), Akshansh95Jain -> CustomerAccount(1,Akshansh,B-62, Sector-56, Noida,Akshansh95Jain,10.0))
2017-08-07 16:44:47 INFO  DatabaseService:82 - Amount in the account is 10.0
2017-08-07 16:44:47 INFO  DatabaseService:100 - Returning false
2017-08-07 16:46:01 INFO  DatabaseService:61 - Depositing salary of 50000.0
2017-08-07 16:46:01 INFO  DatabaseService:63 - Username = Rahul209 & Customer Account = CustomerAccount(2,Rahul,B-63, Sector-56, Noida,Rahul209,0.0)
2017-08-07 16:46:01 INFO  DatabaseService:63 - Username = Akshansh9195Jain & Customer Account = CustomerAccount(4,Akshansh,B-62, Sector-56, Noida,Akshansh9195Jain,10.0)
2017-08-07 16:46:01 INFO  DatabaseService:63 - Username = AkshanshJain1995 & Customer Account = CustomerAccount(3,Akshansh,B-62, Sector-56, Noida,AkshanshJain1995,10.0)
2017-08-07 16:46:01 INFO  DatabaseService:65 - Creating new case class and replacing old one
2017-08-07 16:46:01 INFO  DatabaseService:67 - New customer account is CustomerAccount(3,Akshansh,B-62, Sector-56, Noida,AkshanshJain1995,50010.0)
2017-08-07 16:46:01 INFO  DatabaseService:63 - Username = Akshansh95Jain & Customer Account = CustomerAccount(1,Akshansh,B-62, Sector-56, Noida,Akshansh95Jain,10.0)
2017-08-07 16:46:01 INFO  DatabaseService:76 - Currently database is as: Map(Rahul209 -> CustomerAccount(2,Rahul,B-63, Sector-56, Noida,Rahul209,0.0), Akshansh9195Jain -> CustomerAccount(4,Akshansh,B-62, Sector-56, Noida,Akshansh9195Jain,10.0), AkshanshJain1995 -> CustomerAccount(3,Akshansh,B-62, Sector-56, Noida,AkshanshJain1995,10.0), Akshansh95Jain -> CustomerAccount(1,Akshansh,B-62, Sector-56, Noida,Akshansh95Jain,10.0))
2017-08-07 16:46:01 INFO  DatabaseService:83 - Amount in the account is 10.0
2017-08-07 16:46:01 INFO  DatabaseService:101 - Returning false
2017-08-07 17:10:13 INFO  DatabaseService:61 - Depositing salary of 50000.0
2017-08-07 17:10:13 INFO  DatabaseService:76 - Currently database is as: Map(Rahul209 -> CustomerAccount(2,Rahul,B-63, Sector-56, Noida,Rahul209,0.0), Akshansh9195Jain -> CustomerAccount(4,Akshansh,B-62, Sector-56, Noida,Akshansh9195Jain,10.0), AkshanshJain1995 -> CustomerAccount(3,Akshansh,B-62, Sector-56, Noida,AkshanshJain1995,10.0), Akshansh95Jain -> CustomerAccount(1,Akshansh,B-62, Sector-56, Noida,Akshansh95Jain,10.0))
2017-08-07 17:10:13 INFO  DatabaseService:83 - Amount in the account is 10.0
2017-08-07 17:10:13 INFO  DatabaseService:101 - Returning false
2017-08-07 17:14:29 INFO  DatabaseService:61 - Depositing salary of 50000.0
2017-08-07 17:14:29 INFO  DatabaseService:76 - Currently database is as: Map(Rahul209 -> CustomerAccount(2,Rahul,B-63, Sector-56, Noida,Rahul209,0.0), Akshansh9195Jain -> CustomerAccount(4,Akshansh,B-62, Sector-56, Noida,Akshansh9195Jain,10.0), AkshanshJain1995 -> CustomerAccount(3,Akshansh,B-62, Sector-56, Noida,AkshanshJain1995,10.0), Akshansh95Jain -> CustomerAccount(1,Akshansh,B-62, Sector-56, Noida,Akshansh95Jain,10.0))
2017-08-07 17:14:29 INFO  DatabaseService:83 - Amount in the account is 10.0
2017-08-07 17:14:29 INFO  DatabaseService:101 - Returning false
2017-08-07 17:50:17 INFO  DatabaseService:61 - Depositing salary of 50000.0
2017-08-07 17:50:17 INFO  DatabaseService:63 - Username = Rahul209 & Customer Account = CustomerAccount(2,Rahul,B-63, Sector-56, Noida,Rahul209,0.0)
2017-08-07 17:50:17 INFO  DatabaseService:63 - Username = Akshansh9195Jain & Customer Account = CustomerAccount(4,Akshansh,B-62, Sector-56, Noida,Akshansh9195Jain,10.0)
2017-08-07 17:50:17 INFO  DatabaseService:63 - Username = AkshanshJain1995 & Customer Account = CustomerAccount(3,Akshansh,B-62, Sector-56, Noida,AkshanshJain1995,10.0)
2017-08-07 17:50:17 INFO  DatabaseService:65 - Creating new case class and replacing old one
2017-08-07 17:50:17 INFO  DatabaseService:67 - New customer account is CustomerAccount(3,Akshansh,B-62, Sector-56, Noida,AkshanshJain1995,50010.0)
2017-08-07 17:50:17 INFO  DatabaseService:63 - Username = Akshansh95Jain & Customer Account = CustomerAccount(1,Akshansh,B-62, Sector-56, Noida,Akshansh95Jain,10.0)
2017-08-07 17:50:17 INFO  DatabaseService:76 - Currently database is as: Map(Rahul209 -> CustomerAccount(2,Rahul,B-63, Sector-56, Noida,Rahul209,0.0), Akshansh9195Jain -> CustomerAccount(4,Akshansh,B-62, Sector-56, Noida,Akshansh9195Jain,10.0), AkshanshJain1995 -> CustomerAccount(3,Akshansh,B-62, Sector-56, Noida,AkshanshJain1995,50010.0), Akshansh95Jain -> CustomerAccount(1,Akshansh,B-62, Sector-56, Noida,Akshansh95Jain,10.0))
2017-08-07 17:50:17 INFO  DatabaseService:83 - Amount in the account is 50010.0
2017-08-07 17:50:17 INFO  DatabaseService:86 - If condition satisfied in payBill
2017-08-07 17:50:17 INFO  DatabaseService:97 - Returning true
2017-08-07 18:22:02 INFO  DatabaseService:61 - Depositing salary of 50000.0
2017-08-07 18:22:02 INFO  DatabaseService:63 - Username = Rahul209 & Customer Account = CustomerAccount(2,Rahul,B-63, Sector-56, Noida,Rahul209,0.0)
2017-08-07 18:22:02 INFO  DatabaseService:63 - Username = Akshansh9195Jain & Customer Account = CustomerAccount(4,Akshansh,B-62, Sector-56, Noida,Akshansh9195Jain,10.0)
2017-08-07 18:22:02 INFO  DatabaseService:63 - Username = AkshanshJain1995 & Customer Account = CustomerAccount(3,Akshansh,B-62, Sector-56, Noida,AkshanshJain1995,10.0)
2017-08-07 18:22:02 INFO  DatabaseService:65 - Creating new case class and replacing old one
2017-08-07 18:22:02 INFO  DatabaseService:67 - New customer account is CustomerAccount(3,Akshansh,B-62, Sector-56, Noida,AkshanshJain1995,50010.0)
2017-08-07 18:22:02 INFO  DatabaseService:63 - Username = Akshansh95Jain & Customer Account = CustomerAccount(1,Akshansh,B-62, Sector-56, Noida,Akshansh95Jain,10.0)
2017-08-07 18:22:02 INFO  DatabaseService:76 - Currently database is as: Map(Rahul209 -> CustomerAccount(2,Rahul,B-63, Sector-56, Noida,Rahul209,0.0), Akshansh9195Jain -> CustomerAccount(4,Akshansh,B-62, Sector-56, Noida,Akshansh9195Jain,10.0), AkshanshJain1995 -> CustomerAccount(3,Akshansh,B-62, Sector-56, Noida,AkshanshJain1995,50010.0), Akshansh95Jain -> CustomerAccount(1,Akshansh,B-62, Sector-56, Noida,Akshansh95Jain,10.0))
2017-08-07 18:22:02 INFO  DatabaseService:83 - Amount in the account is 50010.0
2017-08-07 18:22:02 INFO  DatabaseService:86 - If condition satisfied in payBill
2017-08-07 18:22:02 INFO  DatabaseService:99 - LinkedBiller map is as: Map(2 -> ListBuffer(LinkedBiller(electricity,ElectricityBiller,2,7-8-2017,0.0,0,0,0.0), LinkedBiller(food,FoodBiller,2,7-8-2017,0.0,0,0,0.0)), 1 -> ListBuffer(LinkedBiller(phone,PhoneBiller,1,7-8-2017,0.0,0,0,0.0), LinkedBiller(internet,InternetBiller,1,7-8-2017,0.0,0,0,0.0)), 3 -> ListBuffer(LinkedBiller(phone,PhoneBiller,3,7-8-2017,200.0,1,1,200.0)))
2017-08-07 18:22:02 INFO  DatabaseService:111 - Returning true
2017-08-07 21:50:24 INFO  Database:61 - Depositing salary of 50000.0
2017-08-07 21:50:24 INFO  Database:63 - Username = Rahul209 & Customer Account = CustomerAccount(2,Rahul,B-63, Sector-56, Noida,Rahul209,0.0)
2017-08-07 21:50:24 INFO  Database:63 - Username = Akshansh9195Jain & Customer Account = CustomerAccount(4,Akshansh,B-62, Sector-56, Noida,Akshansh9195Jain,10.0)
2017-08-07 21:50:24 INFO  Database:63 - Username = AkshanshJain1995 & Customer Account = CustomerAccount(3,Akshansh,B-62, Sector-56, Noida,AkshanshJain1995,10.0)
2017-08-07 21:50:24 INFO  Database:65 - Creating new case class and replacing old one
2017-08-07 21:50:24 INFO  Database:67 - New customer account is CustomerAccount(3,Akshansh,B-62, Sector-56, Noida,AkshanshJain1995,50010.0)
2017-08-07 21:50:24 INFO  Database:63 - Username = Akshansh95Jain & Customer Account = CustomerAccount(1,Akshansh,B-62, Sector-56, Noida,Akshansh95Jain,10.0)
2017-08-07 21:50:24 INFO  Database:76 - Currently database is as: Map(Rahul209 -> CustomerAccount(2,Rahul,B-63, Sector-56, Noida,Rahul209,0.0), Akshansh9195Jain -> CustomerAccount(4,Akshansh,B-62, Sector-56, Noida,Akshansh9195Jain,10.0), AkshanshJain1995 -> CustomerAccount(3,Akshansh,B-62, Sector-56, Noida,AkshanshJain1995,50010.0), Akshansh95Jain -> CustomerAccount(1,Akshansh,B-62, Sector-56, Noida,Akshansh95Jain,10.0))
2017-08-07 21:50:24 INFO  Database:83 - Amount in the account is 50010.0
2017-08-07 21:50:24 INFO  Database:86 - If condition satisfied in payBill
2017-08-07 21:50:24 INFO  Database:99 - LinkedBiller map is as: Map(2 -> ListBuffer(LinkedBiller(electricity,ElectricityBiller,2,7-8-2017,0.0,0,0,0.0), LinkedBiller(food,FoodBiller,2,7-8-2017,0.0,0,0,0.0)), 1 -> ListBuffer(LinkedBiller(phone,PhoneBiller,1,7-8-2017,0.0,0,0,0.0), LinkedBiller(internet,InternetBiller,1,7-8-2017,0.0,0,0,0.0)), 3 -> ListBuffer(LinkedBiller(phone,PhoneBiller,3,7-8-2017,200.0,1,1,200.0)))
2017-08-07 21:50:24 INFO  Database:111 - Returning true
